<!DOCTYPE html PUBLIC "-//W3C//DTD XHTML 1.0 Transitional//EN" "http://www.w3.org/TR/xhtml1/DTD/xhtml1-transitional.dtd"><!-- start: printthread -->
<html xml:lang="en" lang="en" xmlns="http://www.w3.org/1999/xhtml">
<head>
<title> error in expected results - Printable Version</title>
<meta http-equiv="Content-Type" content="text/html; charset=UTF-8" />
<style type="text/css">
body { font-family: Verdana, Arial, sans-serif; font-size: 13px; }
.largetext { font-family: Verdana, Arial, sans-serif; font-size: medium; font-weight: bold; }
img { max-width: 100%; height: auto; }
</style>
</head>
<body>
<table width="98%" align="center">
<tr>
<td valign="top"><a href="index.php"><img src="http://beastie.cs.ua.edu/forum/images/worm-logo.jpg" alt="Forums" title="Forums" border="0" /></a></td>
</tr>
<tr>
<td>
<span class="largetext"> <a href="showthread.php?tid=100">error in expected results</a> - Printable Version</span><br />
<br />
+- Forums (<em>http://beastie.cs.ua.edu/forum</em>)<br />
<!-- start: printthread_nav -->
+-- Forum: CS201 (<i>http://beastie.cs.ua.edu/forum/forumdisplay.php?fid=1</i>)<br />
<!-- end: printthread_nav --><!-- start: printthread_nav -->
+--- Forum: Project 0 (<i>http://beastie.cs.ua.edu/forum/forumdisplay.php?fid=6</i>)<br />
<!-- end: printthread_nav -->
+--- Thread:  error in expected results (<em>/showthread.php?tid=100</em>)<br />
<br />
</td>
</tr>
<tr>
<td><br /><hr size="1" /><!-- start: printthread_post -->
<strong>error in expected results</strong> - <a href="http://beastie.cs.ua.edu/forum/member.php?action=profile&amp;uid=132">lefoxworth</a> -  <strong>09-19-2018</strong>
<br />
<br />
looking at my testing report, a few of the tests have errors thrown in the expected results. i might be misinterpreting it, but it seems to be pointing to part of the test code rather than my own code. just want to confirm whether this is correct or not before i go trying to debug using these tests. i've attached images of the expected and partial results errors of test 66; there are similar errors in tests 70 and 71.<br />
<br />
[attachment=12]<br />
<br />
[attachment=13]
<br />
<br />
<hr size="1" />
<!-- end: printthread_post --><!-- start: printthread_post -->
<strong>RE: error in expected results</strong> - <a href="http://beastie.cs.ua.edu/forum/member.php?action=profile&amp;uid=6">sbcarp</a> -  <strong>09-19-2018</strong>
<br />
<br />
It's your own code, expected result is above dot line.
<br />
<br />
<hr size="1" />
<!-- end: printthread_post --><!-- start: printthread_post -->
<strong>RE: error in expected results</strong> - <a href="http://beastie.cs.ua.edu/forum/member.php?action=profile&amp;uid=132">lefoxworth</a> -  <strong>09-19-2018</strong>
<br />
<br />
<blockquote class="mycode_quote"><cite><span> (09-19-2018, 05:04 AM)</span>sbcarp Wrote:  <a href="http://beastie.cs.ua.edu/forum/showthread.php?pid=400#pid400" class="quick_jump"></a></cite>It's your own code, expected result is above dot line.</blockquote><br />
are you sure? because it lists "YOUR PARTIAL RESULTS: ---------------" AFTER it throws the error message. the error is entirely within the expected results portion of the report. besides, my actual output is the same as expected; i failed because the error in "testdir-cda/cda-0-16" (what i understand to be the test module) doesn't match
<br />
<br />
<hr size="1" />
<!-- end: printthread_post --><!-- start: printthread_post -->
<strong>RE: error in expected results</strong> - <a href="http://beastie.cs.ua.edu/forum/member.php?action=profile&amp;uid=1">lusth</a> -  <strong>09-19-2018</strong>
<br />
<br />
sbcarp is correct.<br />
<br />
The error message comes from running your code. The partial results is given to help you figure out where the problem occurred.
<br />
<br />
<hr size="1" />
<!-- end: printthread_post --><!-- start: printthread_post -->
<strong>RE: error in expected results</strong> - <a href="http://beastie.cs.ua.edu/forum/member.php?action=profile&amp;uid=132">lefoxworth</a> -  <strong>09-19-2018</strong>
<br />
<br />
okay, fair enough. anyone care to help explain how i should go about debugging this then? i'm not seeing anything that points to where i could be going wrong, besides the "&#36;args &gt; yours" line, but i have no idea what that is referring to. is my program just taking too long?
<br />
<br />
<hr size="1" />
<!-- end: printthread_post --><!-- start: printthread_post -->
<strong>RE: error in expected results</strong> - <a href="http://beastie.cs.ua.edu/forum/member.php?action=profile&amp;uid=1">lusth</a> -  <strong>09-20-2018</strong>
<br />
<br />
You can download the individual tests and expected results with:<br />
<br />
wget beastie.cs.ua.edu/cs201/testing/0/submission0.tgz<br />
<br />
Compile the test code cda-0-16.c (name the executable cda-0-16) and then run gdb:<br />
<br />
gdb cda-0-16<br />
<br />
Search for "gdb tutorial" on the web.
<br />
<br />
<hr size="1" />
<!-- end: printthread_post --><!-- start: printthread_post -->
<strong>RE: error in expected results</strong> - <a href="http://beastie.cs.ua.edu/forum/member.php?action=profile&amp;uid=37">magarwal</a> -  <strong>09-20-2018</strong>
<br />
<br />
You could also use a visual debugger in VSCode, XCode, etc
<br />
<br />
<hr size="1" />
<!-- end: printthread_post --></td>
</tr>
</table>
</body>
</html>
<!-- end: printthread -->